<?xml version="1.0" encoding="UTF-8"?>
<robot generator="Robot 5.0 (Python 3.10.0 on win32)" generated="20220723 18:05:08.647" rpa="false" schemaversion="3">
<suite id="s1" name="testesCadastrar" source="C:\_AUTOMACAO\appium-robot\tests\testesCadastrar.robot">
<test id="s1-t1" name="Cadastrar com Email Vazio" line="45">
<kw name="Open Session" library="Cadastrar" type="SETUP">
<kw name="Set Appium Timeout" library="AppiumLibrary">
<arg>10</arg>
<doc>Sets the timeout in seconds used by various keywords.</doc>
<status status="PASS" starttime="20220723 18:05:08.837" endtime="20220723 18:05:08.837"/>
</kw>
<kw name="Open Application" library="AppiumLibrary">
<arg>http://localhost:4723/wd/hub</arg>
<arg>platformName=Android</arg>
<arg>deviceName=Any</arg>
<arg>app=${EXECDIR}/apks/app-curso.apk</arg>
<arg>appPackage=com.example.cursoappium</arg>
<doc>Opens a new application to given Appium server.
Capabilities of appium server, Android and iOS,
Please check https://github.com/appium/appium/blob/master/docs/en/writing-running-appium/server-args.md
| *Option*            | *Man.* | *Description*     |
| remote_url          | Yes    | Appium server url |
| alias               | no     | alias             |</doc>
<status status="PASS" starttime="20220723 18:05:08.837" endtime="20220723 18:05:18.619"/>
</kw>
<status status="PASS" starttime="20220723 18:05:08.837" endtime="20220723 18:05:18.619"/>
</kw>
<kw name="Click CadastrarUsuário" library="Cadastrar">
<kw name="Wait Until Page Contains Element" library="AppiumLibrary">
<arg>button_cadastrar</arg>
<doc>Waits until element specified with `locator` appears on current page.</doc>
<status status="PASS" starttime="20220723 18:05:18.619" endtime="20220723 18:05:23.912"/>
</kw>
<kw name="Click Element" library="AppiumLibrary">
<arg>button_cadastrar</arg>
<doc>Click element identified by `locator`.</doc>
<msg timestamp="20220723 18:05:23.914" level="INFO">Clicking element 'button_cadastrar'.</msg>
<status status="PASS" starttime="20220723 18:05:23.912" endtime="20220723 18:05:24.012"/>
</kw>
<status status="PASS" starttime="20220723 18:05:18.619" endtime="20220723 18:05:24.012"/>
</kw>
<kw name="Input Name Query" library="Cadastrar">
<arg>${Nome_duplicado}</arg>
<kw name="Wait Until Page Contains Element" library="AppiumLibrary">
<arg>TextInputNome</arg>
<doc>Waits until element specified with `locator` appears on current page.</doc>
<status status="PASS" starttime="20220723 18:05:24.013" endtime="20220723 18:05:24.438"/>
</kw>
<kw name="Input Text" library="AppiumLibrary">
<arg>TextInputNome</arg>
<arg>${query}</arg>
<doc>Types the given `text` into text field identified by `locator`.</doc>
<msg timestamp="20220723 18:05:24.439" level="INFO">Typing text 'Roberto Carlos' into text field 'TextInputNome'</msg>
<status status="PASS" starttime="20220723 18:05:24.438" endtime="20220723 18:05:25.538"/>
</kw>
<status status="PASS" starttime="20220723 18:05:24.012" endtime="20220723 18:05:25.538"/>
</kw>
<kw name="Input Email Query" library="Cadastrar">
<arg>${EMPTY}</arg>
<kw name="Input Text" library="AppiumLibrary">
<arg>TextInputEmail</arg>
<arg>${query}</arg>
<doc>Types the given `text` into text field identified by `locator`.</doc>
<msg timestamp="20220723 18:05:25.541" level="INFO">Typing text '' into text field 'TextInputEmail'</msg>
<status status="PASS" starttime="20220723 18:05:25.539" endtime="20220723 18:05:26.088"/>
</kw>
<status status="PASS" starttime="20220723 18:05:25.539" endtime="20220723 18:05:26.088"/>
</kw>
<kw name="Click Identificação Query" library="Cadastrar">
<arg>Mulher</arg>
<kw name="Click Text" library="AppiumLibrary">
<arg>${query}</arg>
<doc>Click text identified by ``text``.</doc>
<status status="PASS" starttime="20220723 18:05:26.089" endtime="20220723 18:05:27.170"/>
</kw>
<status status="PASS" starttime="20220723 18:05:26.088" endtime="20220723 18:05:27.170"/>
</kw>
<kw name="Click Estado Query" library="Cadastrar">
<arg>Alagoas</arg>
<kw name="Wait Until Page Contains" library="AppiumLibrary">
<arg>Acre</arg>
<doc>Waits until `text` appears on current page.</doc>
<status status="PASS" starttime="20220723 18:05:27.171" endtime="20220723 18:05:27.816"/>
</kw>
<kw name="Click Text" library="AppiumLibrary">
<arg>Acre</arg>
<doc>Click text identified by ``text``.</doc>
<status status="PASS" starttime="20220723 18:05:27.816" endtime="20220723 18:05:27.939"/>
</kw>
<kw name="Wait Until Page Contains" library="AppiumLibrary">
<arg>Alagoas</arg>
<doc>Waits until `text` appears on current page.</doc>
<status status="PASS" starttime="20220723 18:05:27.939" endtime="20220723 18:05:28.926"/>
</kw>
<kw name="Click Text" library="AppiumLibrary">
<arg>${query}</arg>
<doc>Click text identified by ``text``.</doc>
<status status="PASS" starttime="20220723 18:05:28.926" endtime="20220723 18:05:29.671"/>
</kw>
<status status="PASS" starttime="20220723 18:05:27.170" endtime="20220723 18:05:29.672"/>
</kw>
<kw name="Click BotaoCadastrar" library="Cadastrar">
<kw name="Click Element" library="AppiumLibrary">
<arg>BotaoCadastrar</arg>
<doc>Click element identified by `locator`.</doc>
<msg timestamp="20220723 18:05:29.674" level="INFO">Clicking element 'BotaoCadastrar'.</msg>
<status status="PASS" starttime="20220723 18:05:29.673" endtime="20220723 18:05:30.502"/>
</kw>
<status status="PASS" starttime="20220723 18:05:29.672" endtime="20220723 18:05:30.502"/>
</kw>
<kw name="Validar msg erro campo vazio &quot;Insira um email válido&quot;" library="Cadastrar" sourcename="Validar msg erro campo vazio &quot;${text}&quot;">
<kw name="Wait Until Element Is Visible" library="AppiumLibrary">
<arg>id=com.example.cursoappium:id/textinput_error</arg>
<doc>Waits until element specified with `locator` is visible.</doc>
<status status="PASS" starttime="20220723 18:05:30.503" endtime="20220723 18:05:30.550"/>
</kw>
<kw name="Element Should Contain Text" library="AppiumLibrary">
<arg>id=com.example.cursoappium:id/textinput_error</arg>
<arg>${text}</arg>
<doc>Verifies element identified by ``locator`` contains text ``expected``.</doc>
<msg timestamp="20220723 18:05:30.551" level="INFO">Verifying element 'id=com.example.cursoappium:id/textinput_error' contains text 'Insira um email válido'.</msg>
<status status="PASS" starttime="20220723 18:05:30.550" endtime="20220723 18:05:30.587"/>
</kw>
<status status="PASS" starttime="20220723 18:05:30.502" endtime="20220723 18:05:30.588"/>
</kw>
<kw name="Close Session" library="Cadastrar" type="TEARDOWN">
<kw name="Close Application" library="AppiumLibrary">
<doc>Closes the current application and also close webdriver session.</doc>
<status status="PASS" starttime="20220723 18:05:30.588" endtime="20220723 18:05:31.071"/>
</kw>
<status status="PASS" starttime="20220723 18:05:30.588" endtime="20220723 18:05:31.072"/>
</kw>
<status status="PASS" starttime="20220723 18:05:08.836" endtime="20220723 18:05:31.072"/>
</test>
<status status="PASS" starttime="20220723 18:05:08.649" endtime="20220723 18:05:31.075"/>
</suite>
<statistics>
<total>
<stat pass="1" fail="0" skip="0">All Tests</stat>
</total>
<tag>
</tag>
<suite>
<stat pass="1" fail="0" skip="0" id="s1" name="testesCadastrar">testesCadastrar</stat>
</suite>
</statistics>
<errors>
</errors>
</robot>
